<?xml version="1.0" encoding="UTF-8"?>
<!-- Generated by org.testng.reporters.JUnitXMLReporter -->
<testsuite ignored="0" hostname="CPC-jnith-BV6SW" failures="1" tests="2" name="Test" time="19.689" errors="0" timestamp="2024-08-08T15:51:40 IST">
  <testcase classname="testCases.TC02_LoginAsSupplier" name="loginSupplier" time="10.059">
    <failure type="java.lang.NullPointerException" message="Cannot invoke &amp;quot;org.openqa.selenium.SearchContext.findElement(org.openqa.selenium.By)&amp;quot; because &amp;quot;this.searchContext&amp;quot; is null">
      <![CDATA[java.lang.NullPointerException: Cannot invoke "org.openqa.selenium.SearchContext.findElement(org.openqa.selenium.By)" because "this.searchContext" is null
at org.openqa.selenium.support.pagefactory.DefaultElementLocator.findElement(DefaultElementLocator.java:68)
at org.openqa.selenium.support.pagefactory.internal.LocatingElementHandler.invoke(LocatingElementHandler.java:38)
at jdk.proxy2/jdk.proxy2.$Proxy10.click(Unknown Source)
at pageObjectsModel.SFpage.setHomescreen(SFpage.java:30)
at testCases.TC02_LoginAsSupplier.loginSupplier(TC02_LoginAsSupplier.java:15)
at java.base/java.util.ArrayList.forEach(ArrayList.java:1511)
... Removed 27 stack frames]]>
    </failure>
  </testcase> <!-- loginSupplier -->
  <testcase classname="testCases.TC01_LoginAsAdmin" name="testLogin" time="3.615"/>
</testsuite> <!-- Test -->
