<?xml version="1.0" encoding="UTF-8"?>
<testng-results ignored="0" total="1" passed="1" failed="0" skipped="0">
  <reporter-output>
  </reporter-output>
  <suite started-at="2024-08-19T12:04:30 IST" name="Default suite" finished-at="2024-08-19T12:05:41 IST" duration-ms="70442">
    <groups>
    </groups>
    <test started-at="2024-08-19T12:04:30 IST" name="Default test" finished-at="2024-08-19T12:05:41 IST" duration-ms="70442">
      <class name="testCases.TC02_LoginAsSupplier">
        <test-method is-config="true" signature="setup()[pri:0, instance:testCases.TC02_LoginAsSupplier@117159c0]" started-at="2024-08-19T12:04:30 IST" name="setup" finished-at="2024-08-19T12:05:16 IST" duration-ms="45286" status="PASS">
          <reporter-output>
          </reporter-output>
        </test-method> <!-- setup -->
        <test-method signature="testLoginSupplier()[pri:0, instance:testCases.TC02_LoginAsSupplier@117159c0]" started-at="2024-08-19T12:05:16 IST" name="testLoginSupplier" finished-at="2024-08-19T12:05:41 IST" duration-ms="24839" status="PASS">
          <reporter-output>
          </reporter-output>
        </test-method> <!-- testLoginSupplier -->
      </class> <!-- testCases.TC02_LoginAsSupplier -->
    </test> <!-- Default test -->
  </suite> <!-- Default suite -->
</testng-results>
